[debug] [2023-07-16T08:20:44.370Z] ----------------------------------------------------------------------
[debug] [2023-07-16T08:20:44.374Z] Command:       C:\Program Files\nodejs\node.exe C:\Users\fahad\AppData\Roaming\npm\node_modules\firebase-tools\lib\bin\firebase.js init
[debug] [2023-07-16T08:20:44.374Z] CLI Version:   12.4.0
[debug] [2023-07-16T08:20:44.375Z] Platform:      win32
[debug] [2023-07-16T08:20:44.375Z] Node Version:  v18.16.0
[debug] [2023-07-16T08:20:44.377Z] Time:          Sun Jul 16 2023 13:50:44 GMT+0530 (India Standard Time)
[debug] [2023-07-16T08:20:44.377Z] ----------------------------------------------------------------------
[debug] 
[debug] [2023-07-16T08:20:44.518Z] > command requires scopes: ["email","openid","https://www.googleapis.com/auth/cloudplatformprojects.readonly","https://www.googleapis.com/auth/firebase","https://www.googleapis.com/auth/cloud-platform"]
[debug] [2023-07-16T08:20:44.520Z] > authorizing via signed-in user (fahadsaifi199990@gmail.com)
[info] 
     ######## #### ########  ######## ########     ###     ######  ########
     ##        ##  ##     ## ##       ##     ##  ##   ##  ##       ##
     ######    ##  ########  ######   ########  #########  ######  ######
     ##        ##  ##    ##  ##       ##     ## ##     ##       ## ##
     ##       #### ##     ## ######## ########  ##     ##  ######  ########

You're about to initialize a Firebase project in this directory:

  C:\Users\fahad\Desktop\food-delivery

Before we get started, keep in mind:

  * You are initializing within an existing Firebase project directory

[info] 
=== Project Setup
[info] 
[info] First, let's associate this project directory with a Firebase project.
[info] You can create multiple project aliases by running firebase use --add, 
[info] but for now we'll just set up a default project.
[info] 
[debug] [2023-07-16T08:20:53.172Z] Using project from CLI flag: food-delivery-b2869
[debug] [2023-07-16T08:20:53.177Z] >>> [apiv2][query] GET https://firebase.googleapis.com/v1beta1/projects/food-delivery-b2869 [none]
[debug] [2023-07-16T08:20:54.764Z] <<< [apiv2][status] GET https://firebase.googleapis.com/v1beta1/projects/food-delivery-b2869 200
[debug] [2023-07-16T08:20:54.764Z] <<< [apiv2][body] GET https://firebase.googleapis.com/v1beta1/projects/food-delivery-b2869 {"projectId":"food-delivery-b2869","projectNumber":"909438974966","displayName":"food-delivery","name":"projects/food-delivery-b2869","resources":{"hostingSite":"food-delivery-b2869"},"state":"ACTIVE","etag":"1_2d07725a-bcd4-4fc8-8554-be20be1b9372"}
[info] i  Using project food-delivery-b2869 (food-delivery) 
[info] 
=== Hosting Setup
[info] 
[info] Your public directory is the folder (relative to your project directory) that
[info] will contain Hosting assets to be uploaded with firebase deploy. If you
[info] have a build process for your assets, use your build's output directory.
[info] 
